<?xml version="1.0" encoding="UTF-8"?>
<!-- Generated by org.testng.reporters.JUnitXMLReporter -->
<testsuite hostname="HarrierLaptop-6" ignored="0" name="Test" tests="5" failures="2" timestamp="2021-05-03T20:14:07 IST" time="108.236" errors="0">
  <testcase name="addUpsiSharer" time="10.525" classname="com.goveva.qa.upsiTestCases.TC_Upsi_SharerTest"/>
  <testcase name="updateDetailsUpsiSharer" time="12.914" classname="com.goveva.qa.upsiTestCases.TC_Upsi_SharerTest"/>
  <testcase name="clickOnDownloadFile" time="9.516" classname="com.goveva.qa.upsiTestCases.TC_Upsi_SharerTest">
    <failure type="java.lang.AssertionError" message="expected [true] but found [false]">
      <![CDATA[java.lang.AssertionError: expected [true] but found [false]
at com.goveva.qa.upsiTestCases.TC_Upsi_SharerTest.clickOnDownloadFile(TC_Upsi_SharerTest.java:245)
at java.util.ArrayList.forEach(ArrayList.java:1259)
... Removed 31 stack frames]]>
    </failure>
  </testcase> <!-- clickOnDownloadFile -->
  <testcase name="checkSharerHistory" time="8.038" classname="com.goveva.qa.upsiTestCases.TC_Upsi_SharerTest">
    <failure type="java.lang.AssertionError" message="expected [true] but found [false]">
      <![CDATA[java.lang.AssertionError: expected [true] but found [false]
at com.goveva.qa.upsiTestCases.TC_Upsi_SharerTest.checkSharerHistory(TC_Upsi_SharerTest.java:302)
at java.util.ArrayList.forEach(ArrayList.java:1259)
... Removed 31 stack frames]]>
    </failure>
  </testcase> <!-- checkSharerHistory -->
  <testcase name="deleteSharerDetails" time="13.269" classname="com.goveva.qa.upsiTestCases.TC_Upsi_SharerTest"/>
</testsuite> <!-- Test -->
